RunningApp/app/build/intermediates/manifest_merge_blame_file/debug/manifest-merger-blame-debug-report.txt
1<?xml version="1.0" encoding="utf-8"?>
2<manifest xmlns:android="http://schemas.android.com/apk/res/android"
3    package="ude.esom.runningapp"
4    android:versionCode="1"
5    android:versionName="1.0" >
6
7    <uses-sdk
8        android:minSdkVersion="16"
8-->src\main\AndroidManifest.xml
9        android:targetSdkVersion="30" />
9-->src\main\AndroidManifest.xml
10
11    <uses-permission android:name="android.permission.ACCESS_FINE_LOCATION" />
11-->src\main\AndroidManifest.xml:5:5-79
11-->src\main\AndroidManifest.xml:5:22-76
12
13    <uses-feature
13-->[com.mapbox.mapboxsdk:mapbox-android-sdk:9.6.1] AndroidManifest.xml:9:5-11:35
14        android:glEsVersion="0x00020000"
14-->[com.mapbox.mapboxsdk:mapbox-android-sdk:9.6.1] AndroidManifest.xml:10:9-41
15        android:required="true" />
15-->[com.mapbox.mapboxsdk:mapbox-android-sdk:9.6.1] AndroidManifest.xml:11:9-32
16    <uses-feature
16-->[com.mapbox.mapboxsdk:mapbox-android-sdk:9.6.1] AndroidManifest.xml:12:5-14:36
17        android:name="android.hardware.wifi"
17-->[com.mapbox.mapboxsdk:mapbox-android-sdk:9.6.1] AndroidManifest.xml:13:9-45
18        android:required="false" /> <!-- Implied by ACCESS_WIFI_STATE. -->
18-->[com.mapbox.mapboxsdk:mapbox-android-sdk:9.6.1] AndroidManifest.xml:14:9-33
19    <uses-permission android:name="android.permission.INTERNET" />
19-->[com.mapbox.mapboxsdk:mapbox-android-sdk:9.6.1] AndroidManifest.xml:16:5-67
19-->[com.mapbox.mapboxsdk:mapbox-android-sdk:9.6.1] AndroidManifest.xml:16:22-64
20    <uses-permission android:name="android.permission.ACCESS_NETWORK_STATE" />
20-->[com.mapbox.mapboxsdk:mapbox-android-sdk:9.6.1] AndroidManifest.xml:17:5-79
20-->[com.mapbox.mapboxsdk:mapbox-android-sdk:9.6.1] AndroidManifest.xml:17:22-76
21    <uses-permission android:name="android.permission.ACCESS_WIFI_STATE" />
21-->[com.mapbox.mapboxsdk:mapbox-android-sdk:9.6.1] AndroidManifest.xml:18:5-76
21-->[com.mapbox.mapboxsdk:mapbox-android-sdk:9.6.1] AndroidManifest.xml:18:22-73
22    <uses-permission android:name="android.permission.WAKE_LOCK" />
22-->[com.google.android.gms:play-services-measurement-api:18.0.3] AndroidManifest.xml:24:5-68
22-->[com.google.android.gms:play-services-measurement-api:18.0.3] AndroidManifest.xml:24:22-65
23    <uses-permission
23-->[com.mapbox.mapboxsdk:mapbox-android-telemetry:6.2.2] AndroidManifest.xml:16:5-18:38
24        android:name="android.permission.GET_TASKS"
24-->[com.mapbox.mapboxsdk:mapbox-android-telemetry:6.2.2] AndroidManifest.xml:17:9-52
25        android:maxSdkVersion="20" />
25-->[com.mapbox.mapboxsdk:mapbox-android-telemetry:6.2.2] AndroidManifest.xml:18:9-35
26    <uses-permission android:name="com.google.android.finsky.permission.BIND_GET_INSTALL_REFERRER_SERVICE" />
26-->[com.google.android.gms:play-services-measurement:18.0.3] AndroidManifest.xml:26:5-110
26-->[com.google.android.gms:play-services-measurement:18.0.3] AndroidManifest.xml:26:22-107
27
28    <application
28-->src\main\AndroidManifest.xml:7:5-24:19
29        android:name="androidx.multidex.MultiDexApplication"
30        android:allowBackup="true"
30-->src\main\AndroidManifest.xml:8:9-35
31        android:appComponentFactory="androidx.core.app.CoreComponentFactory"
31-->[androidx.core:core:1.3.1] AndroidManifest.xml:24:18-86
32        android:debuggable="true"
33        android:icon="@mipmap/ic_launcher"
33-->src\main\AndroidManifest.xml:9:9-43
34        android:label="@string/app_name"
34-->src\main\AndroidManifest.xml:10:9-41
35        android:roundIcon="@mipmap/ic_launcher_round"
35-->src\main\AndroidManifest.xml:11:9-54
36        android:supportsRtl="true"
36-->src\main\AndroidManifest.xml:12:9-35
37        android:testOnly="true"
38        android:theme="@style/Theme.RunningApp" >
38-->src\main\AndroidManifest.xml:13:9-48
39        <activity
39-->src\main\AndroidManifest.xml:14:9-23:20
40            android:name="ude.esom.runningapp.MainActivity"
40-->src\main\AndroidManifest.xml:15:13-41
41            android:label="@string/app_name"
41-->src\main\AndroidManifest.xml:16:13-45
42            android:theme="@style/Theme.RunningApp.NoActionBar" >
42-->src\main\AndroidManifest.xml:17:13-64
43            <intent-filter>
43-->src\main\AndroidManifest.xml:18:13-22:29
44                <action android:name="android.intent.action.MAIN" />
44-->src\main\AndroidManifest.xml:19:17-69
44-->src\main\AndroidManifest.xml:19:25-66
45
46                <category android:name="android.intent.category.LAUNCHER" />
46-->src\main\AndroidManifest.xml:21:17-77
46-->src\main\AndroidManifest.xml:21:27-74
47            </intent-filter>
48        </activity>
49
50        <service
50-->[com.google.firebase:firebase-crashlytics:17.4.1] AndroidManifest.xml:15:9-21:19
51            android:name="com.google.firebase.components.ComponentDiscoveryService"
51-->[com.google.firebase:firebase-crashlytics:17.4.1] AndroidManifest.xml:16:13-84
52            android:directBootAware="true"
52-->[com.google.firebase:firebase-common:19.5.0] AndroidManifest.xml:35:13-43
53            android:exported="false" >
53-->[com.google.firebase:firebase-crashlytics:17.4.1] AndroidManifest.xml:17:13-37
54            <meta-data
54-->[com.google.firebase:firebase-crashlytics:17.4.1] AndroidManifest.xml:18:13-20:85
55                android:name="com.google.firebase.components:com.google.firebase.crashlytics.CrashlyticsRegistrar"
55-->[com.google.firebase:firebase-crashlytics:17.4.1] AndroidManifest.xml:19:17-115
56                android:value="com.google.firebase.components.ComponentRegistrar" />
56-->[com.google.firebase:firebase-crashlytics:17.4.1] AndroidManifest.xml:20:17-82
57            <meta-data
57-->[com.google.android.gms:play-services-measurement-api:18.0.3] AndroidManifest.xml:30:13-32:85
58                android:name="com.google.firebase.components:com.google.firebase.analytics.connector.internal.AnalyticsConnectorRegistrar"
58-->[com.google.android.gms:play-services-measurement-api:18.0.3] AndroidManifest.xml:31:17-139
59                android:value="com.google.firebase.components.ComponentRegistrar" />
59-->[com.google.android.gms:play-services-measurement-api:18.0.3] AndroidManifest.xml:32:17-82
60            <meta-data
60-->[com.google.firebase:firebase-installations:16.3.5] AndroidManifest.xml:18:13-20:85
61                android:name="com.google.firebase.components:com.google.firebase.installations.FirebaseInstallationsRegistrar"
61-->[com.google.firebase:firebase-installations:16.3.5] AndroidManifest.xml:19:17-127
62                android:value="com.google.firebase.components.ComponentRegistrar" />
62-->[com.google.firebase:firebase-installations:16.3.5] AndroidManifest.xml:20:17-82
63            <!--
64                This registrar is not defined in the dynamic-module-support sdk itself to allow non-firebase
65                clients to use it as well, by defining this registrar in their own core/common library.
66            -->
67            <meta-data
67-->[com.google.firebase:firebase-common:19.5.0] AndroidManifest.xml:43:13-45:85
68                android:name="com.google.firebase.components:com.google.firebase.dynamicloading.DynamicLoadingRegistrar"
68-->[com.google.firebase:firebase-common:19.5.0] AndroidManifest.xml:44:17-121
69                android:value="com.google.firebase.components.ComponentRegistrar" />
69-->[com.google.firebase:firebase-common:19.5.0] AndroidManifest.xml:45:17-82
70        </service>
71        <service
71-->[com.google.android.datatransport:transport-backend-cct:2.3.3] AndroidManifest.xml:29:9-35:19
72            android:name="com.google.android.datatransport.runtime.backends.TransportBackendDiscovery"
72-->[com.google.android.datatransport:transport-backend-cct:2.3.3] AndroidManifest.xml:30:13-103
73            android:exported="false" >
73-->[com.google.android.datatransport:transport-backend-cct:2.3.3] AndroidManifest.xml:31:13-37
74            <meta-data
74-->[com.google.android.datatransport:transport-backend-cct:2.3.3] AndroidManifest.xml:32:13-34:39
75                android:name="backend:com.google.android.datatransport.cct.CctBackendFactory"
75-->[com.google.android.datatransport:transport-backend-cct:2.3.3] AndroidManifest.xml:33:17-94
76                android:value="cct" />
76-->[com.google.android.datatransport:transport-backend-cct:2.3.3] AndroidManifest.xml:34:17-36
77        </service>
78
79        <provider
79-->[com.google.firebase:firebase-common:19.5.0] AndroidManifest.xml:26:9-31:39
80            android:name="com.google.firebase.provider.FirebaseInitProvider"
80-->[com.google.firebase:firebase-common:19.5.0] AndroidManifest.xml:27:13-77
81            android:authorities="ude.esom.runningapp.firebaseinitprovider"
81-->[com.google.firebase:firebase-common:19.5.0] AndroidManifest.xml:28:13-72
82            android:directBootAware="true"
82-->[com.google.firebase:firebase-common:19.5.0] AndroidManifest.xml:29:13-43
83            android:exported="false"
83-->[com.google.firebase:firebase-common:19.5.0] AndroidManifest.xml:30:13-37
84            android:initOrder="100" />
84-->[com.google.firebase:firebase-common:19.5.0] AndroidManifest.xml:31:13-36
85        <provider
85-->[com.mapbox.mapboxsdk:mapbox-android-telemetry:6.2.2] AndroidManifest.xml:21:9-25:39
86            android:name="com.mapbox.android.telemetry.provider.MapboxTelemetryInitProvider"
86-->[com.mapbox.mapboxsdk:mapbox-android-telemetry:6.2.2] AndroidManifest.xml:22:13-93
87            android:authorities="ude.esom.runningapp.mapboxtelemetryinitprovider"
87-->[com.mapbox.mapboxsdk:mapbox-android-telemetry:6.2.2] AndroidManifest.xml:23:13-79
88            android:exported="false"
88-->[com.mapbox.mapboxsdk:mapbox-android-telemetry:6.2.2] AndroidManifest.xml:24:13-37
89            android:initOrder="100" />
89-->[com.mapbox.mapboxsdk:mapbox-android-telemetry:6.2.2] AndroidManifest.xml:25:13-36
90
91        <service
91-->[com.mapbox.mapboxsdk:mapbox-android-telemetry:6.2.2] AndroidManifest.xml:27:9-29:72
92            android:name="com.mapbox.android.telemetry.errors.ErrorReporterJobIntentService"
92-->[com.mapbox.mapboxsdk:mapbox-android-telemetry:6.2.2] AndroidManifest.xml:28:13-93
93            android:permission="android.permission.BIND_JOB_SERVICE" />
93-->[com.mapbox.mapboxsdk:mapbox-android-telemetry:6.2.2] AndroidManifest.xml:29:13-69
94
95        <receiver
95-->[com.google.android.gms:play-services-measurement:18.0.3] AndroidManifest.xml:29:9-33:20
96            android:name="com.google.android.gms.measurement.AppMeasurementReceiver"
96-->[com.google.android.gms:play-services-measurement:18.0.3] AndroidManifest.xml:30:13-85
97            android:enabled="true"
97-->[com.google.android.gms:play-services-measurement:18.0.3] AndroidManifest.xml:31:13-35
98            android:exported="false" >
98-->[com.google.android.gms:play-services-measurement:18.0.3] AndroidManifest.xml:32:13-37
99        </receiver>
100
101        <service
101-->[com.google.android.gms:play-services-measurement:18.0.3] AndroidManifest.xml:35:9-38:40
102            android:name="com.google.android.gms.measurement.AppMeasurementService"
102-->[com.google.android.gms:play-services-measurement:18.0.3] AndroidManifest.xml:36:13-84
103            android:enabled="true"
103-->[com.google.android.gms:play-services-measurement:18.0.3] AndroidManifest.xml:37:13-35
104            android:exported="false" />
104-->[com.google.android.gms:play-services-measurement:18.0.3] AndroidManifest.xml:38:13-37
105        <service
105-->[com.google.android.gms:play-services-measurement:18.0.3] AndroidManifest.xml:39:9-43:72
106            android:name="com.google.android.gms.measurement.AppMeasurementJobService"
106-->[com.google.android.gms:play-services-measurement:18.0.3] AndroidManifest.xml:40:13-87
107            android:enabled="true"
107-->[com.google.android.gms:play-services-measurement:18.0.3] AndroidManifest.xml:41:13-35
108            android:exported="false"
108-->[com.google.android.gms:play-services-measurement:18.0.3] AndroidManifest.xml:42:13-37
109            android:permission="android.permission.BIND_JOB_SERVICE" />
109-->[com.google.android.gms:play-services-measurement:18.0.3] AndroidManifest.xml:43:13-69
110
111        <meta-data
111-->[com.google.android.gms:play-services-basement:17.0.0] AndroidManifest.xml:23:9-25:69
112            android:name="com.google.android.gms.version"
112-->[com.google.android.gms:play-services-basement:17.0.0] AndroidManifest.xml:24:13-58
113            android:value="@integer/google_play_services_version" />
113-->[com.google.android.gms:play-services-basement:17.0.0] AndroidManifest.xml:25:13-66
114
115        <service
115-->[com.google.android.datatransport:transport-runtime:2.2.6] AndroidManifest.xml:26:9-30:19
116            android:name="com.google.android.datatransport.runtime.scheduling.jobscheduling.JobInfoSchedulerService"
116-->[com.google.android.datatransport:transport-runtime:2.2.6] AndroidManifest.xml:27:13-117
117            android:exported="false"
117-->[com.google.android.datatransport:transport-runtime:2.2.6] AndroidManifest.xml:28:13-37
118            android:permission="android.permission.BIND_JOB_SERVICE" >
118-->[com.google.android.datatransport:transport-runtime:2.2.6] AndroidManifest.xml:29:13-69
119        </service>
120
121        <receiver
121-->[com.google.android.datatransport:transport-runtime:2.2.6] AndroidManifest.xml:32:9-34:40
122            android:name="com.google.android.datatransport.runtime.scheduling.jobscheduling.AlarmManagerSchedulerBroadcastReceiver"
122-->[com.google.android.datatransport:transport-runtime:2.2.6] AndroidManifest.xml:33:13-132
123            android:exported="false" />
123-->[com.google.android.datatransport:transport-runtime:2.2.6] AndroidManifest.xml:34:13-37
124    </application>
125
126</manifest>